<?xml version="1.0" encoding="UTF-8"?>
<!-- Generated by org.testng.reporters.JUnitReportReporter -->
<testsuite hostname="DESKTOP-BQ2HMAG" failures="0" tests="1" name="Oop.Signup_Test_Case" time="6.963" errors="0" timestamp="2023-10-05T03:31:49 EET" skipped="0">
  <testcase classname="Oop.Signup_Test_Case" name="theTest" time="6.963"/>
  <system-out/>
</testsuite> <!-- Oop.Signup_Test_Case -->
