<?xml version="1.0" encoding="UTF-8"?>
<!-- Generated by org.testng.reporters.JUnitReportReporter -->
<testsuite hostname="DESKTOP-BQ2HMAG" failures="0" tests="1" name="Oop.Login_Test_Case" time="0.013" errors="0" timestamp="2023-10-04T00:35:07 EET" skipped="0">
  <testcase classname="Oop.Login_Test_Case" name="theTest" time="0.013"/>
  <system-out/>
</testsuite> <!-- Oop.Login_Test_Case -->
