<?xml version="1.0" encoding="UTF-8"?>
<!-- Generated by org.testng.reporters.JUnitReportReporter -->
<testsuite hostname="DESKTOP-BQ2HMAG" failures="0" tests="1" name="Oop.Login_Test_Case" time="5.088" errors="0" timestamp="2023-10-04T22:34:22 EET" skipped="0">
  <testcase classname="Oop.Login_Test_Case" name="theTest" time="5.088"/>
  <system-out/>
</testsuite> <!-- Oop.Login_Test_Case -->
