<?xml version="1.0" encoding="UTF-8"?>
<!-- Generated by org.testng.reporters.JUnitReportReporter -->
<testsuite hostname="DESKTOP-BQ2HMAG" failures="0" tests="1" name="Oop.Signup_Test_Case" time="11.272" errors="0" timestamp="2023-10-04T22:03:01 EET" skipped="0">
  <testcase classname="Oop.Signup_Test_Case" name="theTest" time="11.272"/>
  <system-out/>
</testsuite> <!-- Oop.Signup_Test_Case -->
